Determining if the pthread_create exist failed with the following output:
Change Dir: /opt/dev/cockroach/19.1/src/github.com/cockroachdb/cockroach/c-deps/libpmemroach/CMakeFiles/CMakeTmp

Run Build Command:"/usr/bin/make" "cmTC_2f620/fast"
/usr/bin/make -f CMakeFiles/cmTC_2f620.dir/build.make CMakeFiles/cmTC_2f620.dir/build
make[1]: Entering directory '/opt/dev/cockroach/19.1/src/github.com/cockroachdb/cockroach/c-deps/libpmemroach/CMakeFiles/CMakeTmp'
Building C object CMakeFiles/cmTC_2f620.dir/CheckSymbolExists.c.o
/usr/bin/clang-7    -o CMakeFiles/cmTC_2f620.dir/CheckSymbolExists.c.o   -c /opt/dev/cockroach/19.1/src/github.com/cockroachdb/cockroach/c-deps/libpmemroach/CMakeFiles/CMakeTmp/CheckSymbolExists.c
Linking C executable cmTC_2f620
/usr/bin/cmake -E cmake_link_script CMakeFiles/cmTC_2f620.dir/link.txt --verbose=1
/usr/bin/clang-7      -rdynamic CMakeFiles/cmTC_2f620.dir/CheckSymbolExists.c.o  -o cmTC_2f620 
/usr/bin/ld: CMakeFiles/cmTC_2f620.dir/CheckSymbolExists.c.o: in function `main':
CheckSymbolExists.c:(.text+0x19): undefined reference to `pthread_create'
clang: error: linker command failed with exit code 1 (use -v to see invocation)
make[1]: *** [CMakeFiles/cmTC_2f620.dir/build.make:87: cmTC_2f620] Error 1
make[1]: Leaving directory '/opt/dev/cockroach/19.1/src/github.com/cockroachdb/cockroach/c-deps/libpmemroach/CMakeFiles/CMakeTmp'
make: *** [Makefile:121: cmTC_2f620/fast] Error 2

File /opt/dev/cockroach/19.1/src/github.com/cockroachdb/cockroach/c-deps/libpmemroach/CMakeFiles/CMakeTmp/CheckSymbolExists.c:
/* */
#include <pthread.h>

int main(int argc, char** argv)
{
  (void)argv;
#ifndef pthread_create
  return ((int*)(&pthread_create))[argc];
#else
  (void)argc;
  return 0;
#endif
}

